C:\Program Files (x86)\MSBuild\Microsoft.Cpp\v4.0\V140\Microsoft.CppBuild.targets(392,5): warning MSB8028: The intermediate directory (Debug\) contains files shared from another project (Assignment1.vcxproj, Project2.vcxproj).  This can lead to incorrect clean and rebuild behavior.
cl : Command line warning D9035: option 'V' has been deprecated and will be removed in a future release
  Source.cpp
c:\users\benth\desktop\rigidbody\project2\teapot.h(2996): warning C4838: conversion from 'double' to 'float' requires a narrowing conversion
c:\users\benth\desktop\rigidbody\project2\teapot.h(2996): warning C4305: 'initializing': truncation from 'double' to 'float'
c:\users\benth\desktop\rigidbody\project2\teapot.h(5975): warning C4838: conversion from 'double' to 'float' requires a narrowing conversion
c:\users\benth\desktop\rigidbody\project2\teapot.h(5975): warning C4305: 'initializing': truncation from 'double' to 'float'
c:\users\benth\desktop\rigidbody\project2\teapot.h(8954): warning C4838: conversion from 'double' to 'float' requires a narrowing conversion
c:\users\benth\desktop\rigidbody\project2\teapot.h(8954): warning C4305: 'initializing': truncation from 'double' to 'float'
c:\users\benth\desktop\rigidbody\project2\mesh.h(87): warning C4244: 'argument': conversion from 'time_t' to 'unsigned int', possible loss of data
c:\users\benth\desktop\rigidbody\project2\particle_generator.h(157): warning C4018: '<': signed/unsigned mismatch
c:\users\benth\desktop\rigidbody\project2\particle_generator.h(184): warning C4244: '+=': conversion from 'double' to 'float', possible loss of data
c:\users\benth\desktop\rigidbody\project2\rigidbody_generator.h(102): warning C4018: '<': signed/unsigned mismatch
c:\users\benth\desktop\rigidbody\project2\rigidbody_generator.h(104): warning C4018: '<': signed/unsigned mismatch
c:\users\benth\desktop\rigidbody\project2\rigidbody_generator.h(158): warning C4018: '<': signed/unsigned mismatch
c:\users\benth\desktop\rigidbody\project2\rigidbody_generator.h(160): warning C4018: '<': signed/unsigned mismatch
c:\users\benth\desktop\rigidbody\project2\source.cpp(163): warning C4244: 'initializing': conversion from 'double' to 'GLfloat', possible loss of data
c:\users\benth\desktop\rigidbody\project2\source.cpp(271): warning C4244: '=': conversion from 'double' to 'GLfloat', possible loss of data
c:\users\benth\desktop\rigidbody\project2\source.cpp(272): warning C4244: '=': conversion from 'double' to 'GLfloat', possible loss of data
c:\users\benth\desktop\rigidbody\project2\source.cpp(276): warning C4244: 'initializing': conversion from 'double' to 'GLfloat', possible loss of data
c:\users\benth\desktop\rigidbody\project2\source.cpp(277): warning C4244: 'initializing': conversion from 'double' to 'GLfloat', possible loss of data
c:\users\benth\desktop\rigidbody\project2\source.cpp(279): warning C4244: '=': conversion from 'double' to 'GLfloat', possible loss of data
c:\users\benth\desktop\rigidbody\project2\source.cpp(280): warning C4244: '=': conversion from 'double' to 'GLfloat', possible loss of data
c:\users\benth\desktop\rigidbody\project2\source.cpp(287): warning C4244: 'argument': conversion from 'double' to 'GLfloat', possible loss of data
  Project2.vcxproj -> C:\Users\BenTh\Desktop\RigidBody\Debug\Assignment2.exe
  Project2.vcxproj -> C:\Users\BenTh\Desktop\RigidBody\Debug\Assignment2.pdb (Full PDB)
